<?xml version="1.0" encoding="UTF-8"?>
<!-- Generated by org.testng.reporters.JUnitReportReporter -->
<testsuite hostname="DESKTOP-8HMH7MG" failures="0" tests="5" name="Guru99_Project.ManagerLogin_TestCases" time="36.800" errors="0" timestamp="2022-12-26T18:38:12 EST" skipped="0">
  <testcase classname="Guru99_Project.ManagerLogin_TestCases" name="loginPage" time="8.009"/>
  <system-out/>
  <testcase classname="Guru99_Project.ManagerLogin_TestCases" name="loginPage" time="7.178"/>
  <system-out/>
  <testcase classname="Guru99_Project.ManagerLogin_TestCases" name="loginPage" time="6.834"/>
  <system-out/>
  <testcase classname="Guru99_Project.ManagerLogin_TestCases" name="loginPage" time="7.047"/>
  <system-out/>
  <testcase classname="Guru99_Project.ManagerLogin_TestCases" name="loginPage" time="7.732"/>
  <system-out/>
</testsuite> <!-- Guru99_Project.ManagerLogin_TestCases -->
