<?xml version="1.0" encoding="UTF-8"?>
<!-- Generated by org.testng.reporters.JUnitReportReporter -->
<testsuite hostname="DESKTOP-8HMH7MG" failures="0" tests="3" name="PracticeWithDataSource.LoginWithDataProvider" time="28.408" errors="0" timestamp="2022-12-18T15:09:05 EST" skipped="0">
  <testcase classname="PracticeWithDataSource.LoginWithDataProvider" name="loginPage" time="8.980"/>
  <system-out/>
  <testcase classname="PracticeWithDataSource.LoginWithDataProvider" name="loginPage" time="8.684"/>
  <system-out/>
  <testcase classname="PracticeWithDataSource.LoginWithDataProvider" name="loginPage" time="10.744"/>
  <system-out/>
</testsuite> <!-- PracticeWithDataSource.LoginWithDataProvider -->
