<?xml version="1.0" encoding="UTF-8"?>
<!-- Generated by org.testng.reporters.JUnitReportReporter -->
<testsuite hostname="DESKTOP-8HMH7MG" failures="0" tests="5" name="NewTestingPractice.RegisterUserTestCases" time="2.137" errors="0" timestamp="2023-01-24T00:04:59 EST" skipped="0">
  <testcase classname="NewTestingPractice.RegisterUserTestCases" name="A_enterName" time="0.112"/>
  <system-out/>
  <testcase classname="NewTestingPractice.RegisterUserTestCases" name="D_datePicker" time="0.344"/>
  <system-out/>
  <testcase classname="NewTestingPractice.RegisterUserTestCases" name="C_registerUser" time="1.524"/>
  <system-out/>
  <testcase classname="NewTestingPractice.RegisterUserTestCases" name="D_verifyNameEmailVisible" time="0.088"/>
  <system-out/>
  <testcase classname="NewTestingPractice.RegisterUserTestCases" name="B_enterEmail" time="0.069"/>
  <system-out/>
</testsuite> <!-- NewTestingPractice.RegisterUserTestCases -->
